[    0.000000] Initializing cgroup subsys cpuset
[    0.000000] Initializing cgroup subsys cpu
[    0.000000] Initializing cgroup subsys cpuacct
[    0.000000] Linux version 4.4.0-210-generic (buildd@lgw01-amd64-009) (gcc version 5.4.0 20160609 (Ubuntu 5.4.0-6ubuntu1~16.04.12) ) #242-Ubuntu SMP Fri Apr 16 09:57:56 UTC 2021 (Ubuntu 4.4.0-210.242-generic 4.4.262)
[    0.000000] Command line: BOOT_IMAGE=/boot/vmlinuz-4.4.0-210-generic root=LABEL=cloudimg-rootfs ro console=tty1 console=ttyS0
[    0.000000] KERNEL supported cpus:
[    0.000000]   Intel GenuineIntel
[    0.000000]   AMD AuthenticAMD
[    0.000000]   Centaur CentaurHauls
[    0.000000] x86/fpu: xstate_offset[2]:  576, xstate_sizes[2]:  256
[    0.000000] x86/fpu: Supporting XSAVE feature 0x01: 'x87 floating point registers'
[    0.000000] x86/fpu: Supporting XSAVE feature 0x02: 'SSE registers'
[    0.000000] x86/fpu: Supporting XSAVE feature 0x04: 'AVX registers'
[    0.000000] x86/fpu: Enabled xstate features 0x7, context size is 832 bytes, using 'standard' format.
[    0.000000] e820: BIOS-provided physical RAM map:
[    0.000000] BIOS-e820: [mem 0x0000000000000000-0x000000000009fbff] usable
[    0.000000] BIOS-e820: [mem 0x000000000009fc00-0x000000000009ffff] reserved
[    0.000000] BIOS-e820: [mem 0x00000000000f0000-0x00000000000fffff] reserved
[    0.000000] BIOS-e820: [mem 0x0000000000100000-0x000000003ffeffff] usable
[    0.000000] BIOS-e820: [mem 0x000000003fff0000-0x000000003fffffff] ACPI data
[    0.000000] BIOS-e820: [mem 0x00000000fec00000-0x00000000fec00fff] reserved
[    0.000000] BIOS-e820: [mem 0x00000000fee00000-0x00000000fee00fff] reserved
[    0.000000] BIOS-e820: [mem 0x00000000fffc0000-0x00000000ffffffff] reserved
[    0.000000] NX (Execute Disable) protection: active
[    0.000000] SMBIOS 2.5 present.
[    0.000000] Hypervisor detected: KVM
[    0.000000] e820: last_pfn = 0x3fff0 max_arch_pfn = 0x400000000
[    0.000000] MTRR: Disabled
[    0.000000] x86/PAT: MTRRs disabled, skipping PAT initialization too.
[    0.000000] CPU MTRRs all blank - virtualized system.
[    0.000000] x86/PAT: Configuration [0-7]: WB  WT  UC- UC  WB  WT  UC- UC  
[    0.000000] found SMP MP-table at [mem 0x0009fff0-0x0009ffff] mapped at [ffff88000009fff0]
[    0.000000] Scanning 1 areas for low memory corruption
[    0.000000] RAMDISK: [mem 0x362dc000-0x37165fff]
[    0.000000] ACPI: Early table checksum verification disabled
[    0.000000] ACPI: RSDP 0x00000000000E0000 000024 (v02 VBOX  )
[    0.000000] ACPI: XSDT 0x000000003FFF0030 00003C (v01 VBOX   VBOXXSDT 00000001 ASL  00000061)
[    0.000000] ACPI: FACP 0x000000003FFF00F0 0000F4 (v04 VBOX   VBOXFACP 00000001 ASL  00000061)
[    0.000000] ACPI: DSDT 0x000000003FFF0470 002325 (v02 VBOX   VBOXBIOS 00000002 INTL 20200925)
[    0.000000] ACPI: FACS 0x000000003FFF0200 000040
[    0.000000] ACPI: FACS 0x000000003FFF0200 000040
[    0.000000] ACPI: APIC 0x000000003FFF0240 00005C (v02 VBOX   VBOXAPIC 00000001 ASL  00000061)
[    0.000000] ACPI: SSDT 0x000000003FFF02A0 0001CC (v01 VBOX   VBOXCPUT 00000002 INTL 20200925)
[    0.000000] No NUMA configuration found
[    0.000000] Faking a node at [mem 0x0000000000000000-0x000000003ffeffff]
[    0.000000] NODE_DATA(0) allocated [mem 0x3ffeb000-0x3ffeffff]
[    0.000000] kvm-clock: Using msrs 4b564d01 and 4b564d00
[    0.000000] kvm-clock: cpu 0, msr 0:3ffe3001, primary cpu clock
[    0.000000] kvm-clock: using sched offset of 3714408490 cycles
[    0.000000] clocksource: kvm-clock: mask: 0xffffffffffffffff max_cycles: 0x1cd42e4dffb, max_idle_ns: 881590591483 ns
[    0.000000] Zone ranges:
[    0.000000]   DMA      [mem 0x0000000000001000-0x0000000000ffffff]
[    0.000000]   DMA32    [mem 0x0000000001000000-0x000000003ffeffff]
[    0.000000]   Normal   empty
[    0.000000]   Device   empty
[    0.000000] Movable zone start for each node
[    0.000000] Early memory node ranges
[    0.000000]   node   0: [mem 0x0000000000001000-0x000000000009efff]
[    0.000000]   node   0: [mem 0x0000000000100000-0x000000003ffeffff]
[    0.000000] Initmem setup node 0 [mem 0x0000000000001000-0x000000003ffeffff]
[    0.000000] ACPI: PM-Timer IO Port: 0x4008
[    0.000000] IOAPIC[0]: apic_id 2, version 32, address 0xfec00000, GSI 0-23
[    0.000000] ACPI: INT_SRC_OVR (bus 0 bus_irq 0 global_irq 2 dfl dfl)
[    0.000000] ACPI: INT_SRC_OVR (bus 0 bus_irq 9 global_irq 9 low level)
[    0.000000] Using ACPI (MADT) for SMP configuration information
[    0.000000] smpboot: Allowing 2 CPUs, 0 hotplug CPUs
[    0.000000] PM: Registered nosave memory: [mem 0x00000000-0x00000fff]
[    0.000000] PM: Registered nosave memory: [mem 0x0009f000-0x0009ffff]
[    0.000000] PM: Registered nosave memory: [mem 0x000a0000-0x000effff]
[    0.000000] PM: Registered nosave memory: [mem 0x000f0000-0x000fffff]
[    0.000000] e820: [mem 0x40000000-0xfebfffff] available for PCI devices
[    0.000000] Booting paravirtualized kernel on KVM
[    0.000000] clocksource: refined-jiffies: mask: 0xffffffff max_cycles: 0xffffffff, max_idle_ns: 7645519600211568 ns
[    0.000000] setup_percpu: NR_CPUS:512 nr_cpumask_bits:512 nr_cpu_ids:2 nr_node_ids:1
[    0.000000] PERCPU: Embedded 33 pages/cpu @ffff88003fc00000 s95192 r8192 d31784 u1048576
[    0.000000] Built 1 zonelists in Node order, mobility grouping on.  Total pages: 257912
[    0.000000] Policy zone: DMA32
[    0.000000] Kernel command line: BOOT_IMAGE=/boot/vmlinuz-4.4.0-210-generic root=LABEL=cloudimg-rootfs ro console=tty1 console=ttyS0
[    0.000000] PID hash table entries: 4096 (order: 3, 32768 bytes)
[    0.000000] Memory: 997792K/1048120K available (8644K kernel code, 1332K rwdata, 4044K rodata, 1492K init, 1164K bss, 50328K reserved, 0K cma-reserved)
[    0.000000] SLUB: HWalign=64, Order=0-3, MinObjects=0, CPUs=2, Nodes=1
[    0.000000] Kernel/User page tables isolation: enabled
[    0.000000] Hierarchical RCU implementation.
[    0.000000] 	Build-time adjustment of leaf fanout to 64.
[    0.000000] 	RCU restricting CPUs from NR_CPUS=512 to nr_cpu_ids=2.
[    0.000000] RCU: Adjusting geometry for rcu_fanout_leaf=64, nr_cpu_ids=2
[    0.000000] NR_IRQS:33024 nr_irqs:440 16
[    0.000000] Console: colour VGA+ 80x25
[    0.000000] console [tty1] enabled
[    0.000000] console [ttyS0] enabled
[    0.000000] tsc: Detected 2394.558 MHz processor
[    0.168430] Calibrating delay loop (skipped) preset value.. 4789.11 BogoMIPS (lpj=9578232)
[    0.170495] pid_max: default: 32768 minimum: 301
[    0.171670] ACPI: Core revision 20150930
[    0.173775] ACPI: 2 ACPI AML tables successfully acquired and loaded
[    0.175372] Security Framework initialized
[    0.176473] Yama: becoming mindful.
[    0.177401] AppArmor: AppArmor initialized
[    0.178514] Dentry cache hash table entries: 131072 (order: 8, 1048576 bytes)
[    0.181035] Inode-cache hash table entries: 65536 (order: 7, 524288 bytes)
[    0.182693] Mount-cache hash table entries: 2048 (order: 2, 16384 bytes)
[    0.184263] Mountpoint-cache hash table entries: 2048 (order: 2, 16384 bytes)
[    0.185979] Initializing cgroup subsys io
[    0.186985] Initializing cgroup subsys memory
[    0.188114] Initializing cgroup subsys devices
[    0.189206] Initializing cgroup subsys freezer
[    0.190305] Initializing cgroup subsys net_cls
[    0.191384] Initializing cgroup subsys perf_event
[    0.192610] Initializing cgroup subsys net_prio
[    0.193706] Initializing cgroup subsys hugetlb
[    0.194786] Initializing cgroup subsys pids
[    0.195914] mce: CPU supports 0 MCE banks
[    0.197039] Last level iTLB entries: 4KB 512, 2MB 8, 4MB 8
[    0.198366] Last level dTLB entries: 4KB 512, 2MB 32, 4MB 32, 1GB 0
[    0.199840] Spectre V1 : Mitigation: usercopy/swapgs barriers and __user pointer sanitization
[    0.201882] Spectre V2 : Mitigation: Full generic retpoline
[    0.203199] Spectre V2 : Spectre v2 / SpectreRSB mitigation: Filling RSB on context switch
[    0.205324] Speculative Store Bypass: Vulnerable
[    0.206589] MDS: Mitigation: Clear CPU buffers
[    0.211181] Freeing SMP alternatives memory: 36K
[    0.220066] ftrace: allocating 32380 entries in 127 pages
[    0.298433] smpboot: APIC(0) Converting physical 0 to logical package 0
[    0.300103] smpboot: Max logical packages: 1
[    0.301492] x2apic enabled
[    0.302581] Switched APIC routing to physical x2apic.
[    0.305212] ..TIMER: vector=0x30 apic1=0 pin1=2 apic2=-1 pin2=-1
[    0.414711] smpboot: CPU0: Intel(R) Core(TM) i7-2760QM CPU @ 2.40GHz (family: 0x6, model: 0x2a, stepping: 0x7)
[    0.417499] Performance Events: unsupported p6 CPU model 42 no PMU driver, software events only.
[    0.433579] KVM setup paravirtual spinlock
[    0.435563] x86: Booting SMP configuration:
[    0.436677] .... node  #0, CPUs:      #1
[    0.437924] kvm-clock: cpu 1, msr 0:3ffe3041, secondary cpu clock
[    0.439033] mce: CPU supports 0 MCE banks
[    0.441658] x86: Booted up 1 node, 2 CPUs
[    0.443116] smpboot: Total of 2 processors activated (9578.23 BogoMIPS)
[    0.445152] devtmpfs: initialized
[    0.448026] evm: security.selinux
[    0.449163] evm: security.SMACK64
[    0.450158] evm: security.SMACK64EXEC
[    0.451236] evm: security.SMACK64TRANSMUTE
[    0.452386] evm: security.SMACK64MMAP
[    0.453502] evm: security.ima
[    0.454470] evm: security.capability
[    0.455848] clocksource: jiffies: mask: 0xffffffff max_cycles: 0xffffffff, max_idle_ns: 7645041785100000 ns
[    0.458480] futex hash table entries: 512 (order: 3, 32768 bytes)
[    0.460220] pinctrl core: initialized pinctrl subsystem
[    0.461747] RTC time: 21:32:04, date: 01/13/22
[    0.463237] NET: Registered protocol family 16
[    0.475503] cpuidle: using governor ladder
[    0.486974] cpuidle: using governor menu
[    0.488733] PCCT header not found.
[    0.490220] ACPI: bus type PCI registered
[    0.491917] acpiphp: ACPI Hot Plug PCI Controller Driver version: 0.5
[    0.494388] PCI: Using configuration type 1 for base access
[    0.509409] ACPI: Added _OSI(Module Device)
[    0.511254] ACPI: Added _OSI(Processor Device)
[    0.513261] ACPI: Added _OSI(3.0 _SCP Extensions)
[    0.515275] ACPI: Added _OSI(Processor Aggregator Device)
[    0.519036] ACPI: Executed 1 blocks of module-level executable AML code
[    0.525832] ACPI: Interpreter enabled
[    0.527568] ACPI: (supports S0 S5)
[    0.529202] ACPI: Using IOAPIC for interrupt routing
[    0.531572] PCI: Using host bridge windows from ACPI; if necessary, use "pci=nocrs" and report a bug
[    0.543165] ACPI: PCI Root Bridge [PCI0] (domain 0000 [bus 00-ff])
[    0.546781] acpi PNP0A03:00: _OSC: OS supports [ASPM ClockPM Segments MSI]
[    0.553371] acpi PNP0A03:00: _OSC: not requesting OS control; OS requires [ExtendedConfig ASPM ClockPM MSI]
[    0.557470] acpi PNP0A03:00: fail to add MMCONFIG information, can't access extended PCI configuration space under this bridge.
[    0.562916] PCI host bridge to bus 0000:00
[    0.564674] pci_bus 0000:00: root bus resource [io  0x0000-0x0cf7 window]
[    0.567119] pci_bus 0000:00: root bus resource [io  0x0d00-0xffff window]
[    0.569642] pci_bus 0000:00: root bus resource [mem 0x000a0000-0x000bffff window]
[    0.572579] pci_bus 0000:00: root bus resource [mem 0x40000000-0xfdffffff window]
[    0.575770] pci_bus 0000:00: root bus resource [bus 00-ff]
[    0.580994] pci 0000:00:01.1: legacy IDE quirk: reg 0x10: [io  0x01f0-0x01f7]
[    0.583641] pci 0000:00:01.1: legacy IDE quirk: reg 0x14: [io  0x03f6]
[    0.585949] pci 0000:00:01.1: legacy IDE quirk: reg 0x18: [io  0x0170-0x0177]
[    0.588443] pci 0000:00:01.1: legacy IDE quirk: reg 0x1c: [io  0x0376]
[    0.655664] pci 0000:00:07.0: quirk: [io  0x4000-0x403f] claimed by PIIX4 ACPI
[    0.660626] pci 0000:00:07.0: quirk: [io  0x4100-0x410f] claimed by PIIX4 SMB
[    0.702005] ACPI: PCI Interrupt Link [LNKA] (IRQs 5 9 10 *11)
[    0.709566] ACPI: PCI Interrupt Link [LNKB] (IRQs 5 9 *10 11)
[    0.716008] ACPI: PCI Interrupt Link [LNKC] (IRQs 5 *9 10 11)
[    0.722265] ACPI: PCI Interrupt Link [LNKD] (IRQs 5 9 10 *11)
[    0.728980] ACPI: Enabled 2 GPEs in block 00 to 07
[    0.734814] vgaarb: setting as boot device: PCI:0000:00:02.0
[    0.739585] vgaarb: device added: PCI:0000:00:02.0,decodes=io+mem,owns=io+mem,locks=none
[    0.746589] vgaarb: loaded
[    0.749176] vgaarb: bridge control possible 0000:00:02.0
[    0.754428] SCSI subsystem initialized
[    0.758745] ACPI: bus type USB registered
[    0.762392] usbcore: registered new interface driver usbfs
[    0.766711] usbcore: registered new interface driver hub
[    0.770637] usbcore: registered new device driver usb
[    0.778126] PCI: Using ACPI for IRQ routing
[    0.783429] NetLabel: Initializing
[    0.786368] NetLabel:  domain hash size = 128
[    0.789940] NetLabel:  protocols = UNLABELED CIPSOv4
[    0.793607] NetLabel:  unlabeled traffic allowed by default
[    0.797974] amd_nb: Cannot enumerate AMD northbridges
[    0.801763] clocksource: Switched to clocksource kvm-clock
[    0.826840] AppArmor: AppArmor Filesystem Enabled
[    0.830644] pnp: PnP ACPI init
[    0.834089] pnp: PnP ACPI: found 3 devices
[    0.849779] clocksource: acpi_pm: mask: 0xffffff max_cycles: 0xffffff, max_idle_ns: 2085701024 ns
[    0.853651] NET: Registered protocol family 2
[    0.855491] TCP established hash table entries: 8192 (order: 4, 65536 bytes)
[    0.857584] TCP bind hash table entries: 8192 (order: 5, 131072 bytes)
[    0.860278] TCP: Hash tables configured (established 8192 bind 8192)
[    0.862580] UDP hash table entries: 512 (order: 2, 16384 bytes)
[    0.864111] UDP-Lite hash table entries: 512 (order: 2, 16384 bytes)
[    0.866129] NET: Registered protocol family 1
[    0.868187] pci 0000:00:00.0: Limiting direct PCI/PCI transfers
[    0.869617] pci 0000:00:01.0: Activating ISA DMA hang workarounds
[    0.871397] Unpacking initramfs...
[    1.130764] Freeing initrd memory: 14888K
[    1.132242] RAPL PMU detected, API unit is 2^-32 Joules, 3 fixed counters 10737418240 ms ovfl timer
[    1.134661] hw unit of domain pp0-core 2^-0 Joules
[    1.136566] hw unit of domain package 2^-0 Joules
[    1.137691] hw unit of domain pp1-gpu 2^-0 Joules
[    1.138891] clocksource: tsc: mask: 0xffffffffffffffff max_cycles: 0x2284227c47e, max_idle_ns: 440795245431 ns
[    1.141251] platform rtc_cmos: registered platform RTC device (no PNP device found)
[    1.144772] Scanning for low memory corruption every 60 seconds
[    1.146938] audit: initializing netlink subsys (disabled)
[    1.148624] audit: type=2000 audit(1642109529.654:1): initialized
[    1.150970] Initialise system trusted keyring
[    1.152754] HugeTLB registered 2 MB page size, pre-allocated 0 pages
[    1.156879] zbud: loaded
[    1.158473] VFS: Disk quotas dquot_6.6.0
[    1.159896] VFS: Dquot-cache hash table entries: 512 (order 0, 4096 bytes)
[    1.162259] squashfs: version 4.0 (2009/01/31) Phillip Lougher
[    1.164507] fuse init (API version 7.23)
[    1.166008] Key type big_key registered
[    1.167380] Allocating IMA MOK and blacklist keyrings.
[    1.170615] Key type asymmetric registered
[    1.171957] Asymmetric key parser 'x509' registered
[    1.173519] Block layer SCSI generic (bsg) driver version 0.4 loaded (major 249)
[    1.176077] io scheduler noop registered
[    1.177395] io scheduler deadline registered (default)
[    1.179091] io scheduler cfq registered
[    1.180523] pci_hotplug: PCI Hot Plug PCI Core version: 0.5
[    1.182211] pciehp: PCI Express Hot Plug Controller Driver version: 0.4
[    1.184388] ACPI: AC Adapter [AC] (on-line)
[    1.185820] input: Power Button as /devices/LNXSYSTM:00/LNXPWRBN:00/input/input0
[    1.188235] ACPI: Power Button [PWRF]
[    1.189545] input: Sleep Button as /devices/LNXSYSTM:00/LNXSLPBN:00/input/input1
[    1.191891] ACPI: Sleep Button [SLPF]
[    1.194317] ACPI: Battery Slot [BAT0] (battery present)
[    1.195872] GHES: HEST is not enabled!
[    1.197200] Serial: 8250/16550 driver, 32 ports, IRQ sharing enabled
[    1.220003] 00:02: ttyS0 at I/O 0x3f8 (irq = 4, base_baud = 115200) is a 16550A
[    1.223780] Linux agpgart interface v0.103
[    1.227140] loop: module loaded
[    1.228967] scsi host0: ata_piix
[    1.230233] scsi host1: ata_piix
[    1.231292] ata1: PATA max UDMA/33 cmd 0x1f0 ctl 0x3f6 bmdma 0xd000 irq 14
[    1.232985] ata2: PATA max UDMA/33 cmd 0x170 ctl 0x376 bmdma 0xd008 irq 15
[    1.235074] libphy: Fixed MDIO Bus: probed
[    1.236216] tun: Universal TUN/TAP device driver, 1.6
[    1.237552] tun: (C) 1999-2004 Max Krasnyansky <maxk@qualcomm.com>
[    1.239185] PPP generic driver version 2.4.2
[    1.240447] ehci_hcd: USB 2.0 'Enhanced' Host Controller (EHCI) Driver
[    1.242093] ehci-pci: EHCI PCI platform driver
[    1.243397] ehci-platform: EHCI generic platform driver
[    1.244815] ohci_hcd: USB 1.1 'Open' Host Controller (OHCI) Driver
[    1.246418] ohci-pci: OHCI PCI platform driver
[    1.247638] ohci-platform: OHCI generic platform driver
[    1.249032] uhci_hcd: USB Universal Host Controller Interface driver
[    1.250750] i8042: PNP: PS/2 Controller [PNP0303:PS2K,PNP0f03:PS2M] at 0x60,0x64 irq 1,12
[    1.253621] serio: i8042 KBD port at 0x60,0x64 irq 1
[    1.255032] serio: i8042 AUX port at 0x60,0x64 irq 12
[    1.256530] mousedev: PS/2 mouse device common for all mice
[    1.258583] rtc_cmos rtc_cmos: rtc core: registered rtc_cmos as rtc0
[    1.260314] rtc_cmos rtc_cmos: alarms up to one day, 114 bytes nvram
[    1.261999] i2c /dev entries driver
[    1.263125] input: AT Translated Set 2 keyboard as /devices/platform/i8042/serio0/input/input2
[    1.265626] device-mapper: uevent: version 1.0.3
[    1.267112] device-mapper: ioctl: 4.34.0-ioctl (2015-10-28) initialised: dm-devel@redhat.com
[    1.269406] ledtrig-cpu: registered to indicate activity on CPUs
[    1.271723] NET: Registered protocol family 10
[    1.273258] NET: Registered protocol family 17
[    1.274539] Key type dns_resolver registered
[    1.276046] registered taskstats version 1
[    1.277223] Loading compiled-in X.509 certificates
[    1.279566] Loaded X.509 cert 'Build time autogenerated kernel key: cf00e047681d67edb2720680708b7d9498083038'
[    1.282410] zswap: loaded using pool lzo/zbud
[    1.287773] Key type trusted registered
[    1.301617] Key type encrypted registered
[    1.302870] AppArmor: AppArmor sha1 policy hashing enabled
[    1.304226] ima: No TPM chip found, activating TPM-bypass!
[    1.305614] ima: Allocated hash algorithm: sha1
[    1.306870] evm: HMAC attrs: 0x1
[    1.308264]   Magic number: 6:651:550
[    1.309304] tty ttyS26: hash matches
[    1.310363] clockevents clockevent1: hash matches
[    1.311588] acpi PNP0C0F:01: hash matches
[    1.312794] rtc_cmos rtc_cmos: setting system clock to 2022-01-13 21:32:05 UTC (1642109525)
[    1.315310] BIOS EDD facility v0.16 2004-Jun-25, 0 devices found
[    1.316821] EDD information not available.
[    1.417878] Freeing unused kernel memory: 1492K
[    1.420004] Write protecting the kernel read-only data: 14336k
[    1.423412] Freeing unused kernel memory: 1584K
[    1.426581] Freeing unused kernel memory: 52K
Loading, please wait...
starting version 229
[    1.482472] random: systemd-udevd: uninitialized urandom read (16 bytes read, 2 bits of entropy available)
[    1.487080] random: udevadm: uninitialized urandom read (16 bytes read, 2 bits of entropy available)
[    1.487246] random: udevadm: uninitialized urandom read (16 bytes read, 2 bits of entropy available)
[    1.509720] random: systemd-udevd: uninitialized urandom read (16 bytes read, 2 bits of entropy available)
[    1.517255] random: systemd-udevd: uninitialized urandom read (16 bytes read, 2 bits of entropy available)
[    1.523988] random: systemd-udevd: uninitialized urandom read (16 bytes read, 2 bits of entropy available)
[    1.532126] random: systemd-udevd: uninitialized urandom read (16 bytes read, 2 bits of entropy available)
[    1.537711] random: systemd-udevd: uninitialized urandom read (16 bytes read, 2 bits of entropy available)
[    1.538969] random: udevadm: uninitialized urandom read (16 bytes read, 2 bits of entropy available)
[    1.539147] random: udevadm: uninitialized urandom read (16 bytes read, 2 bits of entropy available)
[    1.632545] e1000: Intel(R) PRO/1000 Network Driver - version 7.3.21-k8-NAPI
[    1.634397] e1000: Copyright (c) 1999-2006 Intel Corporation.
[    1.666178] Fusion MPT base driver 3.04.20
[    1.667381] Copyright (c) 1999-2008 LSI Corporation
[    1.679402] AVX version of gcm_enc/dec engaged.
[    1.680640] AES CTR mode by8 optimization enabled
[    1.702880] Fusion MPT SPI Host driver 3.04.20
[    1.897439] input: ImExPS/2 Generic Explorer Mouse as /devices/platform/i8042/serio1/input/input4
[    2.145658] e1000 0000:00:03.0 eth0: (PCI:33MHz:32-bit) 02:be:82:6b:cc:1d
[    2.147596] e1000 0000:00:03.0 eth0: Intel(R) PRO/1000 Network Connection
[    2.150464] mptbase: ioc0: Initiating bringup
[    2.794063] ioc0: LSI53C1030 A0: Capabilities={Initiator}
[    6.198582] scsi host2: ioc0: LSI53C1030 A0, FwRev=00000000h, Ports=1, MaxQ=256, IRQ=20
[    7.982938] scsi 2:0:0:0: Direct-Access     VBOX     HARDDISK         1.0  PQ: 0 ANSI: 5
[    8.000671] scsi target2:0:0: Beginning Domain Validation
[    8.015246] scsi target2:0:0: Domain Validation skipping write tests
[    8.023797] scsi target2:0:0: Ending Domain Validation
[    8.090447] scsi target2:0:0: asynchronous
[    8.098532] scsi 2:0:1:0: Direct-Access     VBOX     HARDDISK         1.0  PQ: 0 ANSI: 5
[    8.108309] scsi target2:0:1: Beginning Domain Validation
[    8.116432] scsi target2:0:1: Domain Validation skipping write tests
[    8.120866] scsi target2:0:1: Ending Domain Validation
[    8.124578] scsi target2:0:1: asynchronous
[    8.148477] sd 2:0:0:0: Attached scsi generic sg0 type 0
[    8.153195] sd 2:0:0:0: [sda] 83886080 512-byte logical blocks: (42.9 GB/40.0 GiB)
[    8.158044] sd 2:0:1:0: Attached scsi generic sg1 type 0
[    8.160090] sd 2:0:1:0: [sdb] 20480 512-byte logical blocks: (10.5 MB/10.0 MiB)
[    8.163597] sd 2:0:0:0: [sda] Write Protect is off
[    8.165767] sd 2:0:0:0: [sda] Incomplete mode parameter data
[    8.165855] sd 2:0:1:0: [sdb] Write Protect is off
[    8.169705] sd 2:0:0:0: [sda] Assuming drive cache: write through
[    8.171254] sd 2:0:1:0: [sdb] Incomplete mode parameter data
[    8.171256] sd 2:0:1:0: [sdb] Assuming drive cache: write through
[    8.332448]  sda: sda1
[    8.334758] sd 2:0:1:0: [sdb] Attached SCSI disk
[    8.336312] sd 2:0:0:0: [sda] Attached SCSI disk
[    8.510401] e1000 0000:00:08.0 eth1: (PCI:33MHz:32-bit) 08:00:27:42:4f:7f
[    8.519273] e1000 0000:00:08.0 eth1: Intel(R) PRO/1000 Network Connection
[    8.539681] e1000 0000:00:03.0 enp0s3: renamed from eth0
[    8.559462] e1000 0000:00:08.0 enp0s8: renamed from eth1
Begin: Loading essential drivers ... [   10.180762] md: linear personality registered for level -1
[   10.186768] md: multipath personality registered for level -4
[   10.193116] md: raid0 personality registered for level 0
[   10.201583] md: raid1 personality registered for level 1
[   10.273831] raid6: sse2x1   gen()  6115 MB/s
[   10.344812] raid6: sse2x1   xor()  5420 MB/s
[   10.413834] raid6: sse2x2   gen()  8661 MB/s
[   10.481817] raid6: sse2x2   xor()  6128 MB/s
[   10.549809] raid6: sse2x4   gen()  9956 MB/s
[   10.617814] raid6: sse2x4   xor()  7494 MB/s
[   10.618967] raid6: using algorithm sse2x4 gen() 9956 MB/s
[   10.620198] raid6: .... xor() 7494 MB/s, rmw enabled
[   10.621353] raid6: using ssse3x2 recovery algorithm
[   10.623951] xor: automatically using best checksumming function:
[   10.661813]    avx       : 28697.000 MB/sec
[   10.664756] async_tx: api initialized (async)
[   10.678777] md: raid6 personality registered for level 6
[   10.680141] md: raid5 personality registered for level 5
[   10.681517] md: raid4 personality registered for level 4
[   10.699561] md: raid10 personality registered for level 10
done.
Begin: Running /scripts/init-premount ... done.
Begin: Mounting root file system ... Begin: Running /scripts/local-top ... done.
Begin: Running /scripts/local-premount ... [   10.776993] Btrfs loaded
Scanning for Btrfs filesystems
done.
Warning: fsck not present, so skipping root file system
[   11.071493] EXT4-fs (sda1): mounted filesystem with ordered data mode. Opts: (null)
done.
Begin: Running /scripts/local-bottom ... done.
Begin: Running /scripts/init-bottom ... done.
[   11.273315] systemd[1]: systemd 229 running in system mode. (+PAM +AUDIT +SELINUX +IMA +APPARMOR +SMACK +SYSVINIT +UTMP +LIBCRYPTSETUP +GCRYPT +GNUTLS +ACL +XZ -LZ4 +SECCOMP +BLKID +ELFUTILS +KMOD -IDN)
[   11.280480] systemd[1]: Detected virtualization oracle.
[   11.283210] systemd[1]: Detected architecture x86-64.

Welcome to [1mUbuntu 16.04.7 LTS[0m!

[   11.291201] systemd[1]: Set hostname to <ubuntu>.
[   11.296936] systemd[1]: Initializing machine ID from random generator.
[   11.299907] systemd[1]: Installed transient /etc/machine-id file.
[   11.645192] systemd[1]: Listening on udev Kernel Socket.
[[0;32m  OK  [0m] Listening on udev Kernel Socket.
[   11.650481] systemd[1]: Created slice User and Session Slice.
[[0;32m  OK  [0m] Created slice User and Session Slice.
[   11.654823] systemd[1]: Reached target Encrypted Volumes.
[[0;32m  OK  [0m] Reached target Encrypted Volumes.
[   11.658681] systemd[1]: Started Forward Password Requests to Wall Directory Watch.
[[0;32m  OK  [0m] Started Forward Password Requests to Wall Directory Watch.
[   11.664421] systemd[1]: Reached target Swap.
[[0;32m  OK  [0m] Reached target Swap.
[   11.668312] systemd[1]: Listening on Journal Audit Socket.
[[0;32m  OK  [0m] Listening on Journal Audit Socket.
[   11.672807] systemd[1]: Listening on /dev/initctl Compatibility Named Pipe.
[[0;32m  OK  [0m] Listening on /dev/initctl Compatibility Named Pipe.
[   11.678008] systemd[1]: Listening on fsck to fsckd communication Socket.
[[0;32m  OK  [0m] Listening on fsck to fsckd communication Socket.
[   11.682921] systemd[1]: Set up automount Arbitrary Executable File Formats File System Automount Point.
[[0;32m  OK  [0m] Set up automount Arbitrary Executab...ats File System Automount Point.
[   11.690146] systemd[1]: Created slice System Slice.
[[0;32m  OK  [0m] Created slice System Slice.
[   11.694314] systemd[1]: Reached target Slices.
[[0;32m  OK  [0m] Reached target Slices.
[   11.698816] systemd[1]: Created slice system-serial\x2dgetty.slice.
[[0;32m  OK  [0m] Created slice system-serial\x2dgetty.slice.
[   11.703282] systemd[1]: Started Trigger resolvconf update for networkd DNS.
[[0;32m  OK  [0m] Started Trigger resolvconf update for networkd DNS.
[   11.708477] systemd[1]: Listening on LVM2 metadata daemon socket.
[[0;32m  OK  [0m] Listening on LVM2 metadata daemon socket.
[   11.713198] systemd[1]: Listening on LVM2 poll daemon socket.
[[0;32m  OK  [0m] Listening on LVM2 poll daemon socket.
[   11.717893] systemd[1]: Listening on Device-mapper event daemon FIFOs.
[[0;32m  OK  [0m] Listening on Device-mapper event daemon FIFOs.
[   11.722514] systemd[1]: Listening on Syslog Socket.
[[0;32m  OK  [0m] Listening on Syslog Socket.
[   11.726419] systemd[1]: Listening on udev Control Socket.
[[0;32m  OK  [0m] Listening on udev Control Socket.
[   11.730560] systemd[1]: Listening on Journal Socket.
[[0;32m  OK  [0m] Listening on Journal Socket.
[   11.914331] systemd[1]: Starting Load Kernel Modules...
         Starting Load Kernel Modules...
[   11.925186] systemd[1]: Mounting Huge Pages File System...
         Mounting Huge Pages File System...
[   11.938849] systemd[1]: Mounting Debug File System...
         Mounting Debug File System...
[   11.947614] systemd[1]: Starting Nameserver information manager...
         Starting Nameserver information manager...
[   11.969578] systemd[1]: Starting Create list of required static device nodes for the current kernel...
[   11.976410] Loading iSCSI transport class v2.0-870.
         Starting Create list of required st... nodes for the current kernel...
[   11.982290] systemd[1]: Starting Uncomplicated firewall...
         Starting Uncomplicated firewall...
[   11.988589] systemd[1]: Starting File System Check on Root Device...
         Starting File System Check on Root Device...
[   11.995169] systemd[1]: Starting Set console keymap...
         [   11.997610] iscsi: registered transport (tcp)
Starting Set console keymap...
[   12.002190] systemd[1]: Reached target User and Group Name Lookups.
[[0;32m  OK  [0m] Reached target User and Group Name Lookups.
[   12.005919] systemd[1]: Reached target System Time Synchronized.
[[0;32m  OK  [0m] Reached target System Time Synchronized.
[   12.010921] systemd[1]: Mounting POSIX Message Queue File System...
         Mounting POSIX Message Queue File System...
[   12.023819] systemd[1]: Starting Monitoring of LVM2 mirrors, snapshots etc. using dmeventd or progress polling...
         Starting Monitoring of LVM2 mirrors... dmeventd or progress polling...
[   12.032239] systemd[1]: Listening on Journal Socket (/dev/log).
[[0;32m  OK  [0m] Listening on Journal Socket (/dev/log).
[   12.038416] systemd[1]: Starting Journal Service...
         Starting Journal Service...
[   12.048502] systemd[1]: Mounted Huge Pages File System.
[[0;32m  OK  [0m] Mounted Huge Pages File System.
[   12.052746] systemd[1]: Mounted POSIX Message Queue File System.
[[0;32m  OK  [0m] Mounted POSIX Message Queue File System.
[   12.058653] systemd[1]: Mounted Debug File System.
[[0;32m  OK  [0m] Mounted Debug File System.
[   12.092164] systemd[1]: Started Create list of required static device nodes for the current kernel.
[[0;32m  OK  [0m] Started Create list of required sta...ce nodes for the current kernel.
[   12.102163] systemd[1]: Started Uncomplicated firewall.
[[0;32m  OK  [0m] Started Uncomplicated firewall.
[   12.107412] systemd[1]: Started File System Check on Root Device.
[[0;32m  OK  [0m] Started File System Check on Root Device.
[   12.114967] systemd[1]: Started Nameserver information manager.
[[0;32m  OK  [0m] Started Nameserver information manager.
[   12.129347] systemd[1]: Started LVM2 metadata daemon.
[[0;32m  OK  [0m] Started LVM2 metadata daemon.
[   12.138273] systemd[1]: Started File System Check Daemon to report status.
[[0;32m  OK  [0m] Started File System Check Daemon to report status.
[   12.145959] systemd[1]: Starting Remount Root and Kernel File Systems...
         Starting Remount Root and Kernel File Systems...
[   12.151225] systemd[1]: Starting Create Static Device Nodes in /dev...
         Starting Create Static Device Nodes in /dev...
[   12.158691] EXT4-fs (sda1): re-mounted. Opts: (null)
[   12.162215] systemd[1]: Started Remount Root and Kernel File Systems.
[   12.163985] iscsi: registered transport (iser)
[[0;32m  OK  [0m] Started Remount Root and Kernel File Systems.
[   12.168649] systemd[1]: Started Load Kernel Modules.
[[0;32m  OK  [0m] Started Load Kernel Modules.
[   12.172006] systemd[1]: Started Journal Service.
[[0;32m  OK  [0m] Started Journal Service.
         Mounting FUSE Control File System...
         Starting Apply Kernel Variables...
         Starting Flush Journal to Persistent Storage...
         Starting udev Coldplug all Devices...
         Starting Load/Save Random Seed...
[[0;32m  OK  [0m] Mounted FUSE Control File System.
[[0;32m  OK  [0m] Started Set console keymap.
[[0;32m  OK  [0m] Started Create Static Device Nodes in /dev.
[[0;32m  OK  [0m] Started Apply Kernel Variables.
[[0;32m  OK  [0m] Started Load/Save Random Seed.
         Starting udev Kernel Device Manager...
[[0;32m  OK  [0m] Started Flush Journal to Persistent Storage.
[[0;32m  OK  [0m] Started udev Kernel Device Manager.
[[0;32m  OK  [0m] Started udev Coldplug all Devices.
[[0;32m  OK  [0m] Started Dispatch Password Requests to Console Directory Watch.
[[0;32m  OK  [0m] Started Monitoring of LVM2 mirrors,...ng dmeventd or progress polling.
[[0;32m  OK  [0m] Reached target Local File Systems (Pre).
[[0;32m  OK  [0m] Reached target Local File Systems.
         Starting Commit a transient machine-id on disk...
         Starting Set console font and keymap...
         Starting Initial cloud-init job (pre-networking)...
         Starting Tell Plymouth To Write Out Runtime Data...
         Starting Create Volatile Files and Directories...
         Starting LSB: AppArmor initialization...
[[0;32m  OK  [0m] Started Tell Plymouth To Write Out Runtime Data.
[[0;32m  OK  [0m] Started Commit a transient machine-id on disk.
[[0;32m  OK  [0m] Started Create Volatile Files and Directories.
         Starting Update UTMP about System Boot/Shutdown...
[[0;32m  OK  [0m] Started Update UTMP about System Boot/Shutdown.
[[0;32m  OK  [0m] Found device /dev/ttyS0.
[[0;32m  OK  [0m] Listening on Load/Save RF Kill Switch Status /dev/rfkill Watch.
[[0;32m  OK  [0m] Started LSB: AppArmor initialization.
         Starting Load AppArmor profiles managed internally by snapd...
[[0;32m  OK  [0m] Started Load AppArmor profiles managed internally by snapd.
[[0;32m  OK  [0m] Started Set console font and keymap.
[[0;32m  OK  [0m] Created slice system-getty.slice.
[   14.472235] cloud-init[498]: Cloud-init v. 21.1-19-gbad84ad4-0ubuntu1~16.04.2 running 'init-local' at Thu, 13 Jan 2022 21:32:18 +0000. Up 13.77 seconds.
[[0;32m  OK  [0m] Started Initial cloud-init job (pre-networking).
[[0;32m  OK  [0m] Reached target Network (Pre).
         Starting Raise network interfaces...
[[0;32m  OK  [0m] Started Raise network interfaces.
[[0;32m  OK  [0m] Reached target Network.
         Starting Initial cloud-init job (metadata service crawler)...
[   18.319787] cloud-init[972]: Cloud-init v. 21.1-19-gbad84ad4-0ubuntu1~16.04.2 running 'init' at Thu, 13 Jan 2022 21:32:20 +0000. Up 16.06 seconds.
[   18.323214] cloud-init[972]: ci-info: ++++++++++++++++++++++++++++++++++++++Net device info+++++++++++++++++++++++++++++++++++++++
[   18.326521] cloud-init[972]: ci-info: +--------+-------+----------------------------+---------------+--------+-------------------+
[   18.329779] cloud-init[972]: ci-info: | Device |   Up  |          Address           |      Mask     | Scope  |     Hw-Address    |
[   18.332679] cloud-init[972]: ci-info: +--------+-------+----------------------------+---------------+--------+-------------------+
[   18.335730] cloud-init[972]: ci-info: | enp0s3 |  True |         10.0.2.15          | 255.255.255.0 | global | 02:be:82:6b:cc:1d |
[   18.339435] cloud-init[972]: ci-info: | enp0s3 |  True | fe80::be:82ff:fe6b:cc1d/64 |       .       |  link  | 02:be:82:6b:cc:1d |
[   18.343107] cloud-init[972]: ci-info: | enp0s8 | False |             .              |       .       |   .    | 08:00:27:42:4f:7f |
[   18.346701] cloud-init[972]: ci-info: |   lo   |  True |         127.0.0.1          |   255.0.0.0   |  host  |         .         |
[   18.349969] cloud-init[972]: ci-info: |   lo   |  True |          ::1/128           |       .       |  host  |         .         |
[   18.353113] cloud-init[972]: ci-info: +--------+-------+----------------------------+---------------+--------+-------------------+
[   18.356252] cloud-init[972]: ci-info: +++++++++++++++++++++++++++Route IPv4 info++++++++++++++++++++++++++++
[   18.359021] cloud-init[972]: ci-info: +-------+-------------+----------+---------------+-----------+-------+
[   18.361949] cloud-init[972]: ci-info: | Route | Destination | Gateway  |    Genmask    | Interface | Flags |
[   18.364407] cloud-init[972]: ci-info: +-------+-------------+----------+---------------+-----------+-------+
[   18.366456] cloud-init[972]: ci-info: |   0   |   0.0.0.0   | 10.0.2.2 |    0.0.0.0    |   enp0s3  |   UG  |
[   18.368600] cloud-init[972]: ci-info: |   1   |   10.0.2.0  | 0.0.0.0  | 255.255.255.0 |   enp0s3  |   U   |
[   18.370682] cloud-init[972]: ci-info: +-------+-------------+----------+---------------+-----------+-------+
[   18.372871] cloud-init[972]: ci-info: +++++++++++++++++++Route IPv6 info+++++++++++++++++++
[   18.375579] cloud-init[972]: ci-info: +-------+-------------+---------+-----------+-------+
[   18.377452] cloud-init[972]: ci-info: | Route | Destination | Gateway | Interface | Flags |
[   18.378856] cloud-init[972]: ci-info: +-------+-------------+---------+-----------+-------+
[   18.380644] cloud-init[972]: ci-info: |   0   |  fe80::/64  |    ::   |   enp0s3  |   U   |
[   18.382164] cloud-init[972]: ci-info: |   3   |   ff00::/8  |    ::   |   enp0s3  |   U   |
[   18.383893] cloud-init[972]: ci-info: +-------+-------------+---------+-----------+-------+
[[0;32m  OK  [0m] Started Initial cloud-init job (metadata service crawler).
[   18.387556] [[0;32m  OK  [0m] Reached target Network is Online.
cloud-init[972]: Generating public/private rsa key pair.
[   18.391227] cloud-init[972]: Your identification has been saved in /etc/ssh/ssh_host_rsa_key.
[   18.393482] cloud-init[972]: Your public key has been saved in /etc/ssh/ssh_host_rsa_key.pub.
[   18.395795] cloud-init[972]: The key fingerprint is:
[   18.397321] cloud-init[972]: SHA256:PhrbtmMfxKVdbjgo1Ngz+76VCUXwqB4DJ2QxUMj5PJc root@ubuntu-xenial
[   18.399717] cloud-init[972]: The key's randomart image is:
[   18.404645]          Starting iSCSI initiator daemon (iscsid)...
[[0;32m  OK  [0m] Reached target System Initialization.
cloud-init[972]: +---[RSA 2048]----+
[   18.408597] cloud-init[972]: |     ..=*.  ...  |
[   18.410541] cloud-init[972]: |      +o =   +   |
[   18.412508] cloud-init[972]: |       o= *.o +  |
[   18.413692] cloud-init[972]: |       .+=EX =   |
[   18.414901] cloud-init[972]: |        SoX = o  |
[   18.416174] cloud-init[972]: |       . + + + o |
[   18.417392] cloud-init[972]: |      . o o . +  |
[   18.418619] cloud-init[972]: |       =+. o .   |
[   18.419857] cloud-init[972]: |      ooo+. o.   |
[   18.421166] cloud-init[972]: +----[SHA256]-----+
[   18.422373] cloud-init[972]: Generating public/private dsa key pair.
[   18.423863] cloud-init[972]: Your identification has been saved in /etc/ssh/ssh_host_dsa_key.
[   18.425683] cloud-init[972]: Your public key has been saved in /etc/ssh/ssh_host_dsa_key.pub.
[   18.427472] cloud-init[972]: The key fingerprint is:
[   18.428865] cloud-init[972]: SHA256:GsRurx1/kjE4iFprYty8v235aFuulmJNmgC2Ww5hq64 root@ubuntu-xenial
[   18.431545] cloud-init[972]: [[0;32m  OK  [0m] Started ACPI Events Check.
[[0;32m  OK  [0m] Reached target Paths.
[[0;32m  OK  [0m] Started Daily Cleanup of Temporary Directories.
[[0;32m  OK  [0m] Started Ubuntu Advantage update messaging.
         Starting Socket activation for snappy daemon.
[[0;32m  OK  [0m] Listening on ACPID Listen Socket.
[[0;32m  OK  [0m] Listening on UUID daemon activation socket.
[[0;32m  OK  [0m] Listening on D-Bus System Message Bus Socket.
[[0;32m  OK  [0m] Started Message of the Day.
[[0;32m  OK  [0m] Started Daily apt download activities.
The key's randomart image is:
[   18.444948] cloud-init[972]: +---[DSA 1024]----+
[   18.446234] cloud-init[972]: |                 |
[   18.453695]          Starting LXD - unix socket.
[[0;32m  OK  [0m] Started Daily apt upgrade and clean activities.
[[0;32m  OK  [0m] Reached target Timers.
[[0;32m  OK  [0m] Reached target Cloud-config availability.
[[0;32m  OK  [0m] Listening on Socket activation for snappy daemon.
[[0;32m  OK  [0m] Listening on LXD - unix socket.
[[0;32m  OK  [0m] Reached target Sockets.
cloud-init[972]: |     .           |
[   18.461274] [[0;32m  OK  [0m] Reached target Basic System.
cloud-init[972]: |      o          |
[   18.464255] cloud-init[972]: |  =  o           |
[   18.465638] cloud-init[972]: | o = .+.S.       |
[   18.467177] cloud-init[972]: |  + =..++ o      |
[   18.468293] cloud-init[972]: | o X o.=o+.+     |
[   18.469869] cloud-init[972]: |. * * =+B*o .    |
[   18.471397] cloud-init[972]: |Eo o.++**++o     |[[0;32m  OK  [0m] Started Deferred execution scheduler.

[   18.474000] cloud-init         Starting LXD - container startup/shutdown...
[972]: +----[SHA256]-----+
[   18.476181]          Starting Virtualbox guest utils...
cloud-init[972]: Generating public/private ecdsa key pair.
         Starting System Logging Service...
[   18.490319] cloud-init[972]: Your identification has been saved in /etc/ssh/ssh_host_ecdsa_key.[[0;32m  OK  [0m] Started Regular background program processing daemon.

[[0;32m  OK  [0m] Started ACPI event daemon.
[   18.495798]          Starting Pollinate to seed the pseudo random number generator...
         Starting /etc/rc.local Compatibility...
[[0;32m  OK  [0m] Started FUSE filesystem for LXC.
         Starting Login Service...
         Starting LSB: Record successful boot for GRUB...
cloud-init[972]: Your public key has been saved in /etc/ssh/ssh_host_ecdsa_key.pub.
[[0;32m  OK  [0m] Started D-Bus System Message Bus.
[   18.529436] cloud-init[972]: The key fingerprint is:
[   18.533138] cloud-init[972]: SHA256:VJOGKx075rY7U82sdr7TqWV640C3V8cJKWEO8sYoUJ0 root@ubuntu-xenial
[   18.535912] cloud-init[972]: The key's randomart image is:
[   18.538004] cloud-init[972]: +---[ECDSA 256]---+
[   18.539866] cloud-init[972]: |   ......oo+     |
[   18.541874] cloud-init[972]: |    .  EB.*.. .  |
[   18.543873] cloud-init[972]: |     . o.O o o   |
[   18.545757] cloud-init[972]: |      o.B   . ...|
[   18.547425] cloud-init[972]: |       +S. +. ..+|
[   18.548879] cloud-init[972]: |        o ..+. .o|
[   18.550243] cloud-init[972]: |       . o ...+..|
[   18.551523] cloud-init[972]: |        + o o==. |
[   18.552970] cloud-init[972]: |        .= o=*.. |
[   18.554640] cloud-init[972]: +----[SHA256]-----+
[   18.556497] cloud-init[972]: Generating public/private ed25519 key pair.
[   18.558762] cloud-init[972]: Your identification has been saved in /etc/ssh/ssh_host_ed25519_key.
[   18.561821] cloud-init[972]: Your public key has been saved in /etc/ssh/ssh_host_ed25519_key.pub.
[   18.564701] cloud-init[972]: The key fingerprint is:
[   18.568214] cloud-init[972]: SHA256:cqs9jBh5pjtdyags71iQdk4KJT7KoAChV/ndarvsopU root@ubuntu-xenial
[   18.570820] cloud-init[972]: The key's randomart image is:
[   18.572396] cloud-init[972]: +--[ED25519 256]--+
[   18.574241] cloud-init[972]: |.   ..           |
[   18.575986] cloud-init[972]: |.. ..            |
[   18.578816] cloud-init[972]: |+ o  . . .       |
[   18.580713] cloud-init[972]: |o+ .  . . .      |
[   18.582875] cloud-init[972]: |+o+ o..oSo       |
[   18.584885] cloud-init[972]: |*o.*o ++*.       |
[   18.586961] cloud-init[972]: |o...oOE=..       |
[   18.588718] cloud-init[972]: |  .o*.+++        |
[   18.590552] cloud-init[972]: |  .+=+.o=o       |
[   18.592268] cloud-init[972]: +----[SHA256]-----+
         Starting Accounts Service...
         Starting LSB: MD monitoring daemon...
         Starting Snap Daemon...
[[0;32m  OK  [0m] Started System Logging Service.
[[0;32m  OK  [0m] Started /etc/rc.local Compatibility.
[[0;32m  OK  [0m] Started Login Service.
[[0;32m  OK  [0m] Started Unattended Upgrades Shutdown.
[[0;32m  OK  [0m] Started iSCSI initiator daemon (iscsid).
         Starting Login to default iSCSI targets...
[[0;32m  OK  [0m] Started Login to default iSCSI targets.
[[0;32m  OK  [0m] Reached target Remote File Systems (Pre).
[[0;32m  OK  [0m] Reached target Remote File Systems.
         Starting LSB: daemon to balance interrupts for SMP systems...
         Starting Permit User Sessions...
         Starting LSB: Set the CPU Frequency Scaling governor to "ondemand"...
         Starting LSB: automatic crash report generation...
[[0;32m  OK  [0m] Started LSB: Record successful boot for GRUB.
[[0;32m  OK  [0m] Started LSB: MD monitoring daemon.
[[0;32m  OK  [0m] Started Permit User Sessions.
         Starting Hold until boot process finishes up...
         Starting Terminate Plymouth Boot Screen...
[[0;32m  OK  [0m] Started LXD - container startup/shutdown.
[[0;32m  OK  [0m] Started Hold until boot process finishes up.
[[0;32m  OK  [0m] Started Terminate Plymouth Boot Screen.
[[0;32m  OK  [0m] Started Serial Getty on ttyS0.
[[0;32m  OK  [0m] Started Getty on tty1.
[[0;32m  OK  [0m] Reached target Login Prompts.
         Starting Set console scheme...
[[0;32m  OK  [0m] Started Set console scheme.
         Starting Authenticate and Authorize Users to Run Privileged Tasks...
[[0;32m  OK  [0m] Started LSB: Set the CPU Frequency Scaling governor to "ondemand".
[[0;32m  OK  [0m] Started LSB: automatic crash report generation.
[[0;32m  OK  [0m] Started LSB: daemon to balance interrupts for SMP systems.
[[0;32m  OK  [0m] Started Virtualbox guest utils.
[[0;32m  OK  [0m] Started Authenticate and Authorize Users to Run Privileged Tasks.
[[0;32m  OK  [0m] Started Accounts Service.
[[0;32m  OK  [0m] Started Snap Daemon.
         Starting Wait until snapd is fully seeded...
[[0;32m  OK  [0m] Started Pollinate to seed the pseudo random number generator.
         Starting OpenBSD Secure Shell server...
[[0;32m  OK  [0m] Started OpenBSD Secure Shell server.
[[0;32m  OK  [0m] Created slice User Slice of vagrant.
         Starting User Manager for UID 1000...
[[0;32m  OK  [0m] Started Session 1 of user vagrant.
[[0;32m  OK  [0m] Started User Manager for UID 1000.
[[0;32m  OK  [0m] Started Wait until snapd is fully seeded.
         Starting Apply the settings specified in cloud-config...
[[0;32m  OK  [0m] Reached target Multi-User System.
[[0;32m  OK  [0m] Reached target Graphical Interface.
         Starting Update UTMP about System Runlevel Changes...
[[0;32m  OK  [0m] Started Update UTMP about System Runlevel Changes.
[   23.123116] cloud-init[1445]: Generating locales (this might take a while)...
[[0;32m  OK  [0m] Started Session 2 of user vagrant.
[   24.362482] cloud-init[1445]:   en_US.UTF-8... done
[   24.363318] cloud-init[1445]: Generation complete.

Ubuntu 16.04.7 LTS ubuntu-xenial ttyS0

ubuntu-xenial login: [   25.291632] cloud-init[1445]: Cloud-init v. 21.1-19-gbad84ad4-0ubuntu1~16.04.2 running 'modules:config' at Thu, 13 Jan 2022 21:32:27 +0000. Up 22.64 seconds.
ci-info: no authorized SSH keys fingerprints found for user ubuntu.
<14>Jan 13 21:32:30 ec2: 
<14>Jan 13 21:32:30 ec2: #############################################################
<14>Jan 13 21:32:30 ec2: -----BEGIN SSH HOST KEY FINGERPRINTS-----
<14>Jan 13 21:32:30 ec2: 1024 SHA256:GsRurx1/kjE4iFprYty8v235aFuulmJNmgC2Ww5hq64 root@ubuntu-xenial (DSA)
<14>Jan 13 21:32:30 ec2: 256 SHA256:VJOGKx075rY7U82sdr7TqWV640C3V8cJKWEO8sYoUJ0 root@ubuntu-xenial (ECDSA)
<14>Jan 13 21:32:30 ec2: 256 SHA256:cqs9jBh5pjtdyags71iQdk4KJT7KoAChV/ndarvsopU root@ubuntu-xenial (ED25519)
<14>Jan 13 21:32:30 ec2: 2048 SHA256:PhrbtmMfxKVdbjgo1Ngz+76VCUXwqB4DJ2QxUMj5PJc root@ubuntu-xenial (RSA)
<14>Jan 13 21:32:30 ec2: -----END SSH HOST KEY FINGERPRINTS-----
<14>Jan 13 21:32:30 ec2: #############################################################
-----BEGIN SSH HOST KEY KEYS-----
ecdsa-sha2-nistp256 AAAAE2VjZHNhLXNoYTItbmlzdHAyNTYAAAAIbmlzdHAyNTYAAABBBKBJ6CNk13NqLSCutlJmqFb+OFueCBtJmNympbghVtLw2/sXCftksTMOutAJX9U85qaRo98bV2eLe+FQ/LilmJk= root@ubuntu-xenial
ssh-ed25519 AAAAC3NzaC1lZDI1NTE5AAAAIG+dXbo4iYhGu5g4QbDX7gRP6wep7O1dAuxg59+3006v root@ubuntu-xenial
ssh-rsa AAAAB3NzaC1yc2EAAAADAQABAAABAQCqgXa/2rDBGOxZSm2MpLtYi9UdDCq4rUrGmCT9aZikaybGvCUzkUfunWDrooGxeE5XTIQFSLHkLYCpNG+RNqYJL7/F9s5I5GwIRs+ur8lWGBdbugrs3Qa24dU6dckpezIAzmHi5dE5PbUq+PLCjpVLp4m3RyNPoa6KB7GRucoXTSmfvhwuPzKM6LahhGJSQi3VFr5bZYwpRzb7SX8YaAy6EoKIAa9i6Tfp1apx6N6i0qmGpueAzemds9uqJqIXsEzjMrsJaJhMGRRGPvtYRWnquesQwj8WAyMQXJV927tI3nnW2+v+we/SpkIUJbk6KdS1fIQ+qVM7K+/fTFbSVvAP root@ubuntu-xenial
-----END SSH HOST KEY KEYS-----
[   26.317390] cloud-init[1708]: Cloud-init v. 21.1-19-gbad84ad4-0ubuntu1~16.04.2 running 'modules:final' at Thu, 13 Jan 2022 21:32:30 +0000. Up 25.93 seconds.
[   26.317967] cloud-init[1708]: ci-info: no authorized SSH keys fingerprints found for user ubuntu.
[   26.319396] cloud-init[1708]: Cloud-init v. 21.1-19-gbad84ad4-0ubuntu1~16.04.2 finished at Thu, 13 Jan 2022 21:32:30 +0000. Datasource DataSourceNoCloud [seed=/dev/sdb][dsmode=net].  Up 26.29 seconds
